This is pdfTeX, Version 3.14159265-2.6-1.40.18 (MiKTeX 2.9.6350 64-bit) (preloaded format=pdflatex 2018.1.5)  27 MAY 2018 21:07
entering extended mode
**./TFG.tex
(TFG.tex
LaTeX2e <2017-04-15>
Babel <3.10> and hyphenation patterns for 75 language(s) loaded.
("C:\Program Files\MiKTeX 2.9\tex\latex\base\book.cls"
Document Class: book 2014/09/29 v1.4h Standard LaTeX document class
("C:\Program Files\MiKTeX 2.9\tex\latex\base\bk11.clo"
File: bk11.clo 2014/09/29 v1.4h Standard LaTeX file (size option)
)
\c@part=\count79
\c@chapter=\count80
\c@section=\count81
\c@subsection=\count82
\c@subsubsection=\count83
\c@paragraph=\count84
\c@subparagraph=\count85
\c@figure=\count86
\c@table=\count87
\abovecaptionskip=\skip41
\belowcaptionskip=\skip42
\bibindent=\dimen102
)
("C:\Program Files\MiKTeX 2.9\tex\latex\base\inputenc.sty"
Package: inputenc 2015/03/17 v1.2c Input encoding file
\inpenc@prehook=\toks14
\inpenc@posthook=\toks15

("C:\Program Files\MiKTeX 2.9\tex\latex\base\latin1.def"
File: latin1.def 2015/03/17 v1.2c Input encoding file
))
("C:\Program Files\MiKTeX 2.9\tex\generic\babel\babel.sty"
Package: babel 2017/05/19 3.10 The Babel package

*************************************
* Local config file bblopts.cfg used
*
("C:\Program Files\MiKTeX 2.9\tex\latex\arabi\bblopts.cfg"
File: bblopts.cfg 2005/09/08 v0.1 add Arabic and Farsi to "declared" options of
 babel
)
("C:\Program Files\MiKTeX 2.9\tex\latex\babel-spanish\spanish.ldf"
Language: spanish.ldf 2016/03/03 v5.0p Spanish support from the babel system

("C:\Program Files\MiKTeX 2.9\tex\generic\babel\babel.def"
File: babel.def 2017/05/19 3.10 Babel common definitions
\babel@savecnt=\count88
\U@D=\dimen103
)
\es@quottoks=\toks16
\es@quotdepth=\count89
Package babel Info: Making " an active character on input line 561.
Package babel Info: Making . an active character on input line 662.
Package babel Info: Making < an active character on input line 707.
Package babel Info: Making > an active character on input line 707.
))
("C:\Program Files\MiKTeX 2.9\tex\latex\amsmath\amsmath.sty"
Package: amsmath 2016/11/05 v2.16a AMS math features
\@mathmargin=\skip43

For additional information on amsmath, use the `?' option.
("C:\Program Files\MiKTeX 2.9\tex\latex\amsmath\amstext.sty"
Package: amstext 2000/06/29 v2.01 AMS text

("C:\Program Files\MiKTeX 2.9\tex\latex\amsmath\amsgen.sty"
File: amsgen.sty 1999/11/30 v2.0 generic functions
\@emptytoks=\toks17
\ex@=\dimen104
))
("C:\Program Files\MiKTeX 2.9\tex\latex\amsmath\amsbsy.sty"
Package: amsbsy 1999/11/29 v1.2d Bold Symbols
\pmbraise@=\dimen105
)
("C:\Program Files\MiKTeX 2.9\tex\latex\amsmath\amsopn.sty"
Package: amsopn 2016/03/08 v2.02 operator names
)
\inf@bad=\count90
LaTeX Info: Redefining \frac on input line 213.
\uproot@=\count91
\leftroot@=\count92
LaTeX Info: Redefining \overline on input line 375.
\classnum@=\count93
\DOTSCASE@=\count94
LaTeX Info: Redefining \ldots on input line 472.
LaTeX Info: Redefining \dots on input line 475.
LaTeX Info: Redefining \cdots on input line 596.
\Mathstrutbox@=\box26
\strutbox@=\box27
\big@size=\dimen106
LaTeX Font Info:    Redeclaring font encoding OML on input line 712.
LaTeX Font Info:    Redeclaring font encoding OMS on input line 713.
\macc@depth=\count95
\c@MaxMatrixCols=\count96
\dotsspace@=\muskip10
\c@parentequation=\count97
\dspbrk@lvl=\count98
\tag@help=\toks18
\row@=\count99
\column@=\count100
\maxfields@=\count101
\andhelp@=\toks19
\eqnshift@=\dimen107
\alignsep@=\dimen108
\tagshift@=\dimen109
\tagwidth@=\dimen110
\totwidth@=\dimen111
\lineht@=\dimen112
\@envbody=\toks20
\multlinegap=\skip44
\multlinetaggap=\skip45
\mathdisplay@stack=\toks21
LaTeX Info: Redefining \[ on input line 2817.
LaTeX Info: Redefining \] on input line 2818.
)
("C:\Program Files\MiKTeX 2.9\tex\latex\amsfonts\amsfonts.sty"
Package: amsfonts 2013/01/14 v3.01 Basic AMSFonts support
\symAMSa=\mathgroup4
\symAMSb=\mathgroup5
LaTeX Font Info:    Overwriting math alphabet `\mathfrak' in version `bold'
(Font)                  U/euf/m/n --> U/euf/b/n on input line 106.
)
("C:\Program Files\MiKTeX 2.9\tex\latex\amsfonts\amssymb.sty"
Package: amssymb 2013/01/14 v3.01 AMS font symbols
)
("C:\Program Files\MiKTeX 2.9\tex\latex\base\makeidx.sty"
Package: makeidx 2014/09/29 v1.0m Standard LaTeX package
)
("C:\Program Files\MiKTeX 2.9\tex\latex\graphics\graphicx.sty"
Package: graphicx 2014/10/28 v1.0g Enhanced LaTeX Graphics (DPC,SPQR)

("C:\Program Files\MiKTeX 2.9\tex\latex\graphics\keyval.sty"
Package: keyval 2014/10/28 v1.15 key=value parser (DPC)
\KV@toks@=\toks22
)
("C:\Program Files\MiKTeX 2.9\tex\latex\graphics\graphics.sty"
Package: graphics 2017/04/14 v1.1b Standard LaTeX Graphics (DPC,SPQR)

("C:\Program Files\MiKTeX 2.9\tex\latex\graphics\trig.sty"
Package: trig 2016/01/03 v1.10 sin cos tan (DPC)
)
("C:\Program Files\MiKTeX 2.9\tex\latex\graphics-cfg\graphics.cfg"
File: graphics.cfg 2016/06/04 v1.11 sample graphics configuration
)
Package graphics Info: Driver file: pdftex.def on input line 99.

("C:\Program Files\MiKTeX 2.9\tex\latex\graphics-def\pdftex.def"
File: pdftex.def 2017/01/12 v0.06k Graphics/color for pdfTeX

("C:\Program Files\MiKTeX 2.9\tex\generic\oberdiek\infwarerr.sty"
Package: infwarerr 2016/05/16 v1.4 Providing info/warning/error messages (HO)
)
("C:\Program Files\MiKTeX 2.9\tex\generic\oberdiek\ltxcmds.sty"
Package: ltxcmds 2016/05/16 v1.23 LaTeX kernel commands for general use (HO)
)
\Gread@gobject=\count102
))
\Gin@req@height=\dimen113
\Gin@req@width=\dimen114
)
("C:\Program Files\MiKTeX 2.9\tex\latex\lm\lmodern.sty"
Package: lmodern 2009/10/30 v1.6 Latin Modern Fonts
LaTeX Font Info:    Overwriting symbol font `operators' in version `normal'
(Font)                  OT1/cmr/m/n --> OT1/lmr/m/n on input line 22.
LaTeX Font Info:    Overwriting symbol font `letters' in version `normal'
(Font)                  OML/cmm/m/it --> OML/lmm/m/it on input line 23.
LaTeX Font Info:    Overwriting symbol font `symbols' in version `normal'
(Font)                  OMS/cmsy/m/n --> OMS/lmsy/m/n on input line 24.
LaTeX Font Info:    Overwriting symbol font `largesymbols' in version `normal'
(Font)                  OMX/cmex/m/n --> OMX/lmex/m/n on input line 25.
LaTeX Font Info:    Overwriting symbol font `operators' in version `bold'
(Font)                  OT1/cmr/bx/n --> OT1/lmr/bx/n on input line 26.
LaTeX Font Info:    Overwriting symbol font `letters' in version `bold'
(Font)                  OML/cmm/b/it --> OML/lmm/b/it on input line 27.
LaTeX Font Info:    Overwriting symbol font `symbols' in version `bold'
(Font)                  OMS/cmsy/b/n --> OMS/lmsy/b/n on input line 28.
LaTeX Font Info:    Overwriting symbol font `largesymbols' in version `bold'
(Font)                  OMX/cmex/m/n --> OMX/lmex/m/n on input line 29.
LaTeX Font Info:    Overwriting math alphabet `\mathbf' in version `normal'
(Font)                  OT1/cmr/bx/n --> OT1/lmr/bx/n on input line 31.
LaTeX Font Info:    Overwriting math alphabet `\mathsf' in version `normal'
(Font)                  OT1/cmss/m/n --> OT1/lmss/m/n on input line 32.
LaTeX Font Info:    Overwriting math alphabet `\mathit' in version `normal'
(Font)                  OT1/cmr/m/it --> OT1/lmr/m/it on input line 33.
LaTeX Font Info:    Overwriting math alphabet `\mathtt' in version `normal'
(Font)                  OT1/cmtt/m/n --> OT1/lmtt/m/n on input line 34.
LaTeX Font Info:    Overwriting math alphabet `\mathbf' in version `bold'
(Font)                  OT1/cmr/bx/n --> OT1/lmr/bx/n on input line 35.
LaTeX Font Info:    Overwriting math alphabet `\mathsf' in version `bold'
(Font)                  OT1/cmss/bx/n --> OT1/lmss/bx/n on input line 36.
LaTeX Font Info:    Overwriting math alphabet `\mathit' in version `bold'
(Font)                  OT1/cmr/bx/it --> OT1/lmr/bx/it on input line 37.
LaTeX Font Info:    Overwriting math alphabet `\mathtt' in version `bold'
(Font)                  OT1/cmtt/m/n --> OT1/lmtt/m/n on input line 38.
)
("C:\Program Files\MiKTeX 2.9\tex\latex\kpfonts\kpfonts.sty"
Package: kpfonts  2010/08/20 v3.31

("C:\Program Files\MiKTeX 2.9\tex\latex\base\textcomp.sty"
Package: textcomp 2017/04/05 v2.0i Standard LaTeX package
Package textcomp Info: Sub-encoding information:
(textcomp)               5 = only ISO-Adobe without \textcurrency
(textcomp)               4 = 5 + \texteuro
(textcomp)               3 = 4 + \textohm
(textcomp)               2 = 3 + \textestimated + \textcurrency
(textcomp)               1 = TS1 - \textcircled - \t
(textcomp)               0 = TS1 (full)
(textcomp)             Font families with sub-encoding setting implement
(textcomp)             only a restricted character set as indicated.
(textcomp)             Family '?' is the default used for unknown fonts.
(textcomp)             See the documentation for details.
Package textcomp Info: Setting ? sub-encoding to TS1/1 on input line 79.
Package textcomp Info: Changing ? sub-encoding to TS1/0 on input line 80.

("C:\Program Files\MiKTeX 2.9\tex\latex\base\ts1enc.def"
File: ts1enc.def 2001/06/05 v3.0e (jk/car/fm) Standard LaTeX file
)
LaTeX Info: Redefining \oldstylenums on input line 334.
Package textcomp Info: Setting cmr sub-encoding to TS1/0 on input line 349.
Package textcomp Info: Setting cmss sub-encoding to TS1/0 on input line 350.
Package textcomp Info: Setting cmtt sub-encoding to TS1/0 on input line 351.
Package textcomp Info: Setting cmvtt sub-encoding to TS1/0 on input line 352.
Package textcomp Info: Setting cmbr sub-encoding to TS1/0 on input line 353.
Package textcomp Info: Setting cmtl sub-encoding to TS1/0 on input line 354.
Package textcomp Info: Setting ccr sub-encoding to TS1/0 on input line 355.
Package textcomp Info: Setting ptm sub-encoding to TS1/4 on input line 356.
Package textcomp Info: Setting pcr sub-encoding to TS1/4 on input line 357.
Package textcomp Info: Setting phv sub-encoding to TS1/4 on input line 358.
Package textcomp Info: Setting ppl sub-encoding to TS1/3 on input line 359.
Package textcomp Info: Setting pag sub-encoding to TS1/4 on input line 360.
Package textcomp Info: Setting pbk sub-encoding to TS1/4 on input line 361.
Package textcomp Info: Setting pnc sub-encoding to TS1/4 on input line 362.
Package textcomp Info: Setting pzc sub-encoding to TS1/4 on input line 363.
Package textcomp Info: Setting bch sub-encoding to TS1/4 on input line 364.
Package textcomp Info: Setting put sub-encoding to TS1/5 on input line 365.
Package textcomp Info: Setting uag sub-encoding to TS1/5 on input line 366.
Package textcomp Info: Setting ugq sub-encoding to TS1/5 on input line 367.
Package textcomp Info: Setting ul8 sub-encoding to TS1/4 on input line 368.
Package textcomp Info: Setting ul9 sub-encoding to TS1/4 on input line 369.
Package textcomp Info: Setting augie sub-encoding to TS1/5 on input line 370.
Package textcomp Info: Setting dayrom sub-encoding to TS1/3 on input line 371.
Package textcomp Info: Setting dayroms sub-encoding to TS1/3 on input line 372.

Package textcomp Info: Setting pxr sub-encoding to TS1/0 on input line 373.
Package textcomp Info: Setting pxss sub-encoding to TS1/0 on input line 374.
Package textcomp Info: Setting pxtt sub-encoding to TS1/0 on input line 375.
Package textcomp Info: Setting txr sub-encoding to TS1/0 on input line 376.
Package textcomp Info: Setting txss sub-encoding to TS1/0 on input line 377.
Package textcomp Info: Setting txtt sub-encoding to TS1/0 on input line 378.
Package textcomp Info: Setting lmr sub-encoding to TS1/0 on input line 379.
Package textcomp Info: Setting lmdh sub-encoding to TS1/0 on input line 380.
Package textcomp Info: Setting lmss sub-encoding to TS1/0 on input line 381.
Package textcomp Info: Setting lmssq sub-encoding to TS1/0 on input line 382.
Package textcomp Info: Setting lmvtt sub-encoding to TS1/0 on input line 383.
Package textcomp Info: Setting lmtt sub-encoding to TS1/0 on input line 384.
Package textcomp Info: Setting qhv sub-encoding to TS1/0 on input line 385.
Package textcomp Info: Setting qag sub-encoding to TS1/0 on input line 386.
Package textcomp Info: Setting qbk sub-encoding to TS1/0 on input line 387.
Package textcomp Info: Setting qcr sub-encoding to TS1/0 on input line 388.
Package textcomp Info: Setting qcs sub-encoding to TS1/0 on input line 389.
Package textcomp Info: Setting qpl sub-encoding to TS1/0 on input line 390.
Package textcomp Info: Setting qtm sub-encoding to TS1/0 on input line 391.
Package textcomp Info: Setting qzc sub-encoding to TS1/0 on input line 392.
Package textcomp Info: Setting qhvc sub-encoding to TS1/0 on input line 393.
Package textcomp Info: Setting futs sub-encoding to TS1/4 on input line 394.
Package textcomp Info: Setting futx sub-encoding to TS1/4 on input line 395.
Package textcomp Info: Setting futj sub-encoding to TS1/4 on input line 396.
Package textcomp Info: Setting hlh sub-encoding to TS1/3 on input line 397.
Package textcomp Info: Setting hls sub-encoding to TS1/3 on input line 398.
Package textcomp Info: Setting hlst sub-encoding to TS1/3 on input line 399.
Package textcomp Info: Setting hlct sub-encoding to TS1/5 on input line 400.
Package textcomp Info: Setting hlx sub-encoding to TS1/5 on input line 401.
Package textcomp Info: Setting hlce sub-encoding to TS1/5 on input line 402.
Package textcomp Info: Setting hlcn sub-encoding to TS1/5 on input line 403.
Package textcomp Info: Setting hlcw sub-encoding to TS1/5 on input line 404.
Package textcomp Info: Setting hlcf sub-encoding to TS1/5 on input line 405.
Package textcomp Info: Setting pplx sub-encoding to TS1/3 on input line 406.
Package textcomp Info: Setting pplj sub-encoding to TS1/3 on input line 407.
Package textcomp Info: Setting ptmx sub-encoding to TS1/4 on input line 408.
Package textcomp Info: Setting ptmj sub-encoding to TS1/4 on input line 409.
)
\c@mv@rm=\count103
\c@mv@boldrm=\count104
\c@mv@sf=\count105
\c@mv@boldsf=\count106
LaTeX Font Info:    Redeclaring symbol font `operators' on input line 354.
LaTeX Font Info:    Overwriting symbol font `operators' in version `normal'
(Font)                  OT1/lmr/m/n --> OT1/jkp/m/n on input line 354.
LaTeX Font Info:    Overwriting symbol font `operators' in version `bold'
(Font)                  OT1/lmr/bx/n --> OT1/jkp/m/n on input line 354.
LaTeX Font Info:    Overwriting symbol font `operators' in version `rm'
(Font)                  OT1/cmr/m/n --> OT1/jkp/m/n on input line 354.
LaTeX Font Info:    Overwriting symbol font `operators' in version `boldrm'
(Font)                  OT1/cmr/m/n --> OT1/jkp/m/n on input line 354.
LaTeX Font Info:    Overwriting symbol font `operators' in version `sf'
(Font)                  OT1/cmr/m/n --> OT1/jkp/m/n on input line 354.
LaTeX Font Info:    Overwriting symbol font `operators' in version `boldsf'
(Font)                  OT1/cmr/m/n --> OT1/jkp/m/n on input line 354.
LaTeX Font Info:    Overwriting symbol font `operators' in version `bold'
(Font)                  OT1/jkp/m/n --> OT1/jkp/b/n on input line 355.
LaTeX Font Info:    Overwriting symbol font `operators' in version `rm'
(Font)                  OT1/jkp/m/n --> OT1/jkp/m/n on input line 357.
LaTeX Font Info:    Overwriting symbol font `operators' in version `boldrm'
(Font)                  OT1/jkp/m/n --> OT1/jkp/b/n on input line 358.
LaTeX Font Info:    Overwriting symbol font `operators' in version `sf'
(Font)                  OT1/jkp/m/n --> OT1/jkpss/m/n on input line 359.
LaTeX Font Info:    Overwriting symbol font `operators' in version `boldsf'
(Font)                  OT1/jkp/m/n --> OT1/jkpss/b/n on input line 360.
LaTeX Font Info:    Redeclaring math alphabet \mathrm on input line 364.
LaTeX Font Info:    Overwriting math alphabet `\mathrm' in version `bold'
(Font)                  OT1/jkp/m/n --> OT1/jkp/b/n on input line 365.
LaTeX Font Info:    Overwriting math alphabet `\mathrm' in version `rm'
(Font)                  OT1/jkp/m/n --> OT1/jkp/m/n on input line 366.
LaTeX Font Info:    Overwriting math alphabet `\mathrm' in version `boldrm'
(Font)                  OT1/jkp/m/n --> OT1/jkp/b/n on input line 367.
LaTeX Font Info:    Overwriting math alphabet `\mathrm' in version `sf'
(Font)                  OT1/jkp/m/n --> OT1/jkp/m/n on input line 368.
LaTeX Font Info:    Overwriting math alphabet `\mathrm' in version `boldsf'
(Font)                  OT1/jkp/m/n --> OT1/jkp/b/n on input line 369.
LaTeX Font Info:    Redeclaring math alphabet \mathbf on input line 378.
LaTeX Font Info:    Overwriting math alphabet `\mathbf' in version `normal'
(Font)                  OT1/lmr/bx/n --> OT1/jkp/b/n on input line 378.
LaTeX Font Info:    Overwriting math alphabet `\mathbf' in version `bold'
(Font)                  OT1/lmr/bx/n --> OT1/jkp/b/n on input line 378.
LaTeX Font Info:    Overwriting math alphabet `\mathbf' in version `rm'
(Font)                  OT1/cmr/bx/n --> OT1/jkp/b/n on input line 378.
LaTeX Font Info:    Overwriting math alphabet `\mathbf' in version `boldrm'
(Font)                  OT1/cmr/bx/n --> OT1/jkp/b/n on input line 378.
LaTeX Font Info:    Overwriting math alphabet `\mathbf' in version `sf'
(Font)                  OT1/cmr/bx/n --> OT1/jkp/b/n on input line 378.
LaTeX Font Info:    Overwriting math alphabet `\mathbf' in version `boldsf'
(Font)                  OT1/cmr/bx/n --> OT1/jkp/b/n on input line 378.
LaTeX Font Info:    Overwriting math alphabet `\mathbf' in version `bold'
(Font)                  OT1/jkp/b/n --> OT1/jkp/b/n on input line 379.
LaTeX Font Info:    Overwriting math alphabet `\mathbf' in version `rm'
(Font)                  OT1/jkp/b/n --> OT1/jkp/b/n on input line 381.
LaTeX Font Info:    Overwriting math alphabet `\mathbf' in version `boldrm'
(Font)                  OT1/jkp/b/n --> OT1/jkp/b/n on input line 382.
LaTeX Font Info:    Overwriting math alphabet `\mathbf' in version `sf'
(Font)                  OT1/jkp/b/n --> OT1/jkpss/b/n on input line 383.
LaTeX Font Info:    Overwriting math alphabet `\mathbf' in version `boldsf'
(Font)                  OT1/jkp/b/n --> OT1/jkpss/b/n on input line 384.
LaTeX Font Info:    Redeclaring math alphabet \mathit on input line 390.
LaTeX Font Info:    Overwriting math alphabet `\mathit' in version `normal'
(Font)                  OT1/lmr/m/it --> OT1/jkp/m/it on input line 390.
LaTeX Font Info:    Overwriting math alphabet `\mathit' in version `bold'
(Font)                  OT1/lmr/bx/it --> OT1/jkp/m/it on input line 390.
LaTeX Font Info:    Overwriting math alphabet `\mathit' in version `rm'
(Font)                  OT1/cmr/m/it --> OT1/jkp/m/it on input line 390.
LaTeX Font Info:    Overwriting math alphabet `\mathit' in version `boldrm'
(Font)                  OT1/cmr/m/it --> OT1/jkp/m/it on input line 390.
LaTeX Font Info:    Overwriting math alphabet `\mathit' in version `sf'
(Font)                  OT1/cmr/m/it --> OT1/jkp/m/it on input line 390.
LaTeX Font Info:    Overwriting math alphabet `\mathit' in version `boldsf'
(Font)                  OT1/cmr/m/it --> OT1/jkp/m/it on input line 390.
LaTeX Font Info:    Overwriting math alphabet `\mathit' in version `bold'
(Font)                  OT1/jkp/m/it --> OT1/jkp/b/it on input line 391.
LaTeX Font Info:    Overwriting math alphabet `\mathit' in version `rm'
(Font)                  OT1/jkp/m/it --> OT1/jkp/m/it on input line 393.
LaTeX Font Info:    Overwriting math alphabet `\mathit' in version `boldrm'
(Font)                  OT1/jkp/m/it --> OT1/jkp/b/it on input line 394.
LaTeX Font Info:    Overwriting math alphabet `\mathit' in version `sf'
(Font)                  OT1/jkp/m/it --> OT1/jkpss/m/it on input line 395.
LaTeX Font Info:    Overwriting math alphabet `\mathit' in version `boldsf'
(Font)                  OT1/jkp/m/it --> OT1/jkpss/b/it on input line 396.
LaTeX Font Info:    Redeclaring math alphabet \mathsf on input line 401.
LaTeX Font Info:    Overwriting math alphabet `\mathsf' in version `normal'
(Font)                  OT1/lmss/m/n --> OT1/jkpss/m/n on input line 401.
LaTeX Font Info:    Overwriting math alphabet `\mathsf' in version `bold'
(Font)                  OT1/lmss/bx/n --> OT1/jkpss/m/n on input line 401.
LaTeX Font Info:    Overwriting math alphabet `\mathsf' in version `rm'
(Font)                  OT1/cmss/m/n --> OT1/jkpss/m/n on input line 401.
LaTeX Font Info:    Overwriting math alphabet `\mathsf' in version `boldrm'
(Font)                  OT1/cmss/m/n --> OT1/jkpss/m/n on input line 401.
LaTeX Font Info:    Overwriting math alphabet `\mathsf' in version `sf'
(Font)                  OT1/cmss/m/n --> OT1/jkpss/m/n on input line 401.
LaTeX Font Info:    Overwriting math alphabet `\mathsf' in version `boldsf'
(Font)                  OT1/cmss/m/n --> OT1/jkpss/m/n on input line 401.
LaTeX Font Info:    Overwriting math alphabet `\mathsf' in version `bold'
(Font)                  OT1/jkpss/m/n --> OT1/jkpss/b/n on input line 402.
LaTeX Font Info:    Overwriting math alphabet `\mathsf' in version `rm'
(Font)                  OT1/jkpss/m/n --> OT1/jkpss/m/n on input line 403.
LaTeX Font Info:    Overwriting math alphabet `\mathsf' in version `boldrm'
(Font)                  OT1/jkpss/m/n --> OT1/jkpss/b/n on input line 404.
LaTeX Font Info:    Overwriting math alphabet `\mathsf' in version `sf'
(Font)                  OT1/jkpss/m/n --> OT1/jkpss/m/n on input line 405.
LaTeX Font Info:    Overwriting math alphabet `\mathsf' in version `boldsf'
(Font)                  OT1/jkpss/m/n --> OT1/jkpss/b/n on input line 406.
LaTeX Font Info:    Redeclaring math alphabet \mathtt on input line 410.
LaTeX Font Info:    Overwriting math alphabet `\mathtt' in version `normal'
(Font)                  OT1/lmtt/m/n --> OT1/jkptt/m/n on input line 410.
LaTeX Font Info:    Overwriting math alphabet `\mathtt' in version `bold'
(Font)                  OT1/lmtt/m/n --> OT1/jkptt/m/n on input line 410.
LaTeX Font Info:    Overwriting math alphabet `\mathtt' in version `rm'
(Font)                  OT1/cmtt/m/n --> OT1/jkptt/m/n on input line 410.
LaTeX Font Info:    Overwriting math alphabet `\mathtt' in version `boldrm'
(Font)                  OT1/cmtt/m/n --> OT1/jkptt/m/n on input line 410.
LaTeX Font Info:    Overwriting math alphabet `\mathtt' in version `sf'
(Font)                  OT1/cmtt/m/n --> OT1/jkptt/m/n on input line 410.
LaTeX Font Info:    Overwriting math alphabet `\mathtt' in version `boldsf'
(Font)                  OT1/cmtt/m/n --> OT1/jkptt/m/n on input line 410.
LaTeX Font Info:    Overwriting math alphabet `\mathtt' in version `bold'
(Font)                  OT1/jkptt/m/n --> OT1/jkptt/b/n on input line 411.
LaTeX Font Info:    Overwriting math alphabet `\mathtt' in version `rm'
(Font)                  OT1/jkptt/m/n --> OT1/jkptt/m/n on input line 412.
LaTeX Font Info:    Overwriting math alphabet `\mathtt' in version `boldrm'
(Font)                  OT1/jkptt/m/n --> OT1/jkptt/b/n on input line 413.
LaTeX Font Info:    Overwriting math alphabet `\mathtt' in version `sf'
(Font)                  OT1/jkptt/m/n --> OT1/jkptt/m/n on input line 414.
LaTeX Font Info:    Overwriting math alphabet `\mathtt' in version `boldsf'
(Font)                  OT1/jkptt/m/n --> OT1/jkptt/b/n on input line 415.
LaTeX Font Info:    Redeclaring symbol font `letters' on input line 423.
LaTeX Font Info:    Overwriting symbol font `letters' in version `normal'
(Font)                  OML/lmm/m/it --> OML/jkp/m/it on input line 423.
LaTeX Font Info:    Overwriting symbol font `letters' in version `bold'
(Font)                  OML/lmm/b/it --> OML/jkp/m/it on input line 423.
LaTeX Font Info:    Overwriting symbol font `letters' in version `rm'
(Font)                  OML/cmm/m/it --> OML/jkp/m/it on input line 423.
LaTeX Font Info:    Overwriting symbol font `letters' in version `boldrm'
(Font)                  OML/cmm/m/it --> OML/jkp/m/it on input line 423.
LaTeX Font Info:    Overwriting symbol font `letters' in version `sf'
(Font)                  OML/cmm/m/it --> OML/jkp/m/it on input line 423.
LaTeX Font Info:    Overwriting symbol font `letters' in version `boldsf'
(Font)                  OML/cmm/m/it --> OML/jkp/m/it on input line 423.
LaTeX Font Info:    Overwriting symbol font `letters' in version `bold'
(Font)                  OML/jkp/m/it --> OML/jkp/bx/it on input line 424.
LaTeX Font Info:    Overwriting symbol font `letters' in version `rm'
(Font)                  OML/jkp/m/it --> OML/jkp/m/it on input line 426.
LaTeX Font Info:    Overwriting symbol font `letters' in version `boldrm'
(Font)                  OML/jkp/m/it --> OML/jkp/bx/it on input line 427.
LaTeX Font Info:    Overwriting symbol font `letters' in version `sf'
(Font)                  OML/jkp/m/it --> OML/jkpss/m/it on input line 428.
LaTeX Font Info:    Overwriting symbol font `letters' in version `boldsf'
(Font)                  OML/jkp/m/it --> OML/jkpss/bx/it on input line 429.
\symlettersA=\mathgroup6
LaTeX Font Info:    Overwriting symbol font `lettersA' in version `bold'
(Font)                  U/jkpmia/m/it --> U/jkpmia/bx/it on input line 439.
LaTeX Font Info:    Overwriting symbol font `lettersA' in version `rm'
(Font)                  U/jkpmia/m/it --> U/jkpmia/m/it on input line 441.
LaTeX Font Info:    Overwriting symbol font `lettersA' in version `boldrm'
(Font)                  U/jkpmia/m/it --> U/jkpmia/bx/it on input line 442.
LaTeX Font Info:    Overwriting symbol font `lettersA' in version `sf'
(Font)                  U/jkpmia/m/it --> U/jkpssmia/m/it on input line 443.
LaTeX Font Info:    Overwriting symbol font `lettersA' in version `boldsf'
(Font)                  U/jkpmia/m/it --> U/jkpssmia/bx/it on input line 444.
LaTeX Font Info:    Redeclaring math alphabet \mathfrak on input line 447.
LaTeX Font Info:    Redeclaring symbol font `symbols' on input line 456.
LaTeX Font Info:    Overwriting symbol font `symbols' in version `normal'
(Font)                  OMS/lmsy/m/n --> OMS/jkp/m/n on input line 456.
LaTeX Font Info:    Overwriting symbol font `symbols' in version `bold'
(Font)                  OMS/lmsy/b/n --> OMS/jkp/m/n on input line 456.
LaTeX Font Info:    Overwriting symbol font `symbols' in version `rm'
(Font)                  OMS/cmsy/m/n --> OMS/jkp/m/n on input line 456.
LaTeX Font Info:    Overwriting symbol font `symbols' in version `boldrm'
(Font)                  OMS/cmsy/m/n --> OMS/jkp/m/n on input line 456.
LaTeX Font Info:    Overwriting symbol font `symbols' in version `sf'
(Font)                  OMS/cmsy/m/n --> OMS/jkp/m/n on input line 456.
LaTeX Font Info:    Overwriting symbol font `symbols' in version `boldsf'
(Font)                  OMS/cmsy/m/n --> OMS/jkp/m/n on input line 456.
LaTeX Font Info:    Overwriting symbol font `symbols' in version `bold'
(Font)                  OMS/jkp/m/n --> OMS/jkp/bx/n on input line 457.
LaTeX Font Info:    Overwriting symbol font `symbols' in version `rm'
(Font)                  OMS/jkp/m/n --> OMS/jkp/m/n on input line 459.
LaTeX Font Info:    Overwriting symbol font `symbols' in version `boldrm'
(Font)                  OMS/jkp/m/n --> OMS/jkp/bx/n on input line 460.
LaTeX Font Info:    Overwriting symbol font `symbols' in version `sf'
(Font)                  OMS/jkp/m/n --> OMS/jkp/m/n on input line 461.
LaTeX Font Info:    Overwriting symbol font `symbols' in version `boldsf'
(Font)                  OMS/jkp/m/n --> OMS/jkp/bx/n on input line 462.
LaTeX Font Info:    Redeclaring symbol font `AMSa' on input line 475.
LaTeX Font Info:    Overwriting symbol font `AMSa' in version `normal'
(Font)                  U/msa/m/n --> U/jkpsya/m/n on input line 475.
LaTeX Font Info:    Overwriting symbol font `AMSa' in version `bold'
(Font)                  U/msa/m/n --> U/jkpsya/m/n on input line 475.
LaTeX Font Info:    Overwriting symbol font `AMSa' in version `rm'
(Font)                  U/msa/m/n --> U/jkpsya/m/n on input line 475.
LaTeX Font Info:    Overwriting symbol font `AMSa' in version `boldrm'
(Font)                  U/msa/m/n --> U/jkpsya/m/n on input line 475.
LaTeX Font Info:    Overwriting symbol font `AMSa' in version `sf'
(Font)                  U/msa/m/n --> U/jkpsya/m/n on input line 475.
LaTeX Font Info:    Overwriting symbol font `AMSa' in version `boldsf'
(Font)                  U/msa/m/n --> U/jkpsya/m/n on input line 475.
LaTeX Font Info:    Overwriting symbol font `AMSa' in version `bold'
(Font)                  U/jkpsya/m/n --> U/jkpsya/bx/n on input line 476.
LaTeX Font Info:    Overwriting symbol font `AMSa' in version `rm'
(Font)                  U/jkpsya/m/n --> U/jkpsya/m/n on input line 477.
LaTeX Font Info:    Overwriting symbol font `AMSa' in version `boldrm'
(Font)                  U/jkpsya/m/n --> U/jkpsya/bx/n on input line 478.
LaTeX Font Info:    Overwriting symbol font `AMSa' in version `sf'
(Font)                  U/jkpsya/m/n --> U/jkpsya/m/n on input line 479.
LaTeX Font Info:    Overwriting symbol font `AMSa' in version `boldsf'
(Font)                  U/jkpsya/m/n --> U/jkpsya/bx/n on input line 480.
LaTeX Font Info:    Redeclaring symbol font `AMSb' on input line 528.
LaTeX Font Info:    Overwriting symbol font `AMSb' in version `normal'
(Font)                  U/msb/m/n --> U/jkpsyb/m/n on input line 528.
LaTeX Font Info:    Overwriting symbol font `AMSb' in version `bold'
(Font)                  U/msb/m/n --> U/jkpsyb/m/n on input line 528.
LaTeX Font Info:    Overwriting symbol font `AMSb' in version `rm'
(Font)                  U/msb/m/n --> U/jkpsyb/m/n on input line 528.
LaTeX Font Info:    Overwriting symbol font `AMSb' in version `boldrm'
(Font)                  U/msb/m/n --> U/jkpsyb/m/n on input line 528.
LaTeX Font Info:    Overwriting symbol font `AMSb' in version `sf'
(Font)                  U/msb/m/n --> U/jkpsyb/m/n on input line 528.
LaTeX Font Info:    Overwriting symbol font `AMSb' in version `boldsf'
(Font)                  U/msb/m/n --> U/jkpsyb/m/n on input line 528.
LaTeX Font Info:    Overwriting symbol font `AMSb' in version `bold'
(Font)                  U/jkpsyb/m/n --> U/jkpsyb/bx/n on input line 529.
LaTeX Font Info:    Overwriting symbol font `AMSb' in version `rm'
(Font)                  U/jkpsyb/m/n --> U/jkpsyb/m/n on input line 530.
LaTeX Font Info:    Overwriting symbol font `AMSb' in version `boldrm'
(Font)                  U/jkpsyb/m/n --> U/jkpsyb/bx/n on input line 531.
LaTeX Font Info:    Overwriting symbol font `AMSb' in version `sf'
(Font)                  U/jkpsyb/m/n --> U/jkpsssyb/m/n on input line 532.
LaTeX Font Info:    Overwriting symbol font `AMSb' in version `boldsf'
(Font)                  U/jkpsyb/m/n --> U/jkpsssyb/bx/n on input line 533.
\symsymbolsC=\mathgroup7
LaTeX Font Info:    Overwriting symbol font `symbolsC' in version `bold'
(Font)                  U/jkpsyc/m/n --> U/jkpsyc/bx/n on input line 549.
LaTeX Font Info:    Overwriting symbol font `symbolsC' in version `rm'
(Font)                  U/jkpsyc/m/n --> U/jkpsyc/m/n on input line 551.
LaTeX Font Info:    Overwriting symbol font `symbolsC' in version `boldrm'
(Font)                  U/jkpsyc/m/n --> U/jkpsyc/bx/n on input line 552.
LaTeX Font Info:    Overwriting symbol font `symbolsC' in version `sf'
(Font)                  U/jkpsyc/m/n --> U/jkpsyc/m/n on input line 553.
LaTeX Font Info:    Overwriting symbol font `symbolsC' in version `boldsf'
(Font)                  U/jkpsyc/m/n --> U/jkpsyc/bx/n on input line 554.
LaTeX Font Info:    Overwriting math alphabet `\mathscr' in version `bold'
(Font)                  U/jkpsyd/m/n --> U/jkpsyd/bx/n on input line 583.
LaTeX Font Info:    Overwriting math alphabet `\mathscr' in version `rm'
(Font)                  U/jkpsyd/m/n --> U/jkpsyd/m/n on input line 585.
LaTeX Font Info:    Overwriting math alphabet `\mathscr' in version `boldrm'
(Font)                  U/jkpsyd/m/n --> U/jkpsyd/bx/n on input line 586.
LaTeX Font Info:    Overwriting math alphabet `\mathscr' in version `sf'
(Font)                  U/jkpsyd/m/n --> U/jkpsyd/m/n on input line 587.
LaTeX Font Info:    Overwriting math alphabet `\mathscr' in version `boldsf'
(Font)                  U/jkpsyd/m/n --> U/jkpsyd/bx/n on input line 588.
LaTeX Font Info:    Redeclaring symbol font `largesymbols' on input line 598.
LaTeX Font Info:    Overwriting symbol font `largesymbols' in version `normal'
(Font)                  OMX/lmex/m/n --> OMX/jkp/m/n on input line 598.
LaTeX Font Info:    Overwriting symbol font `largesymbols' in version `bold'
(Font)                  OMX/lmex/m/n --> OMX/jkp/m/n on input line 598.
LaTeX Font Info:    Overwriting symbol font `largesymbols' in version `rm'
(Font)                  OMX/cmex/m/n --> OMX/jkp/m/n on input line 598.
LaTeX Font Info:    Overwriting symbol font `largesymbols' in version `boldrm'
(Font)                  OMX/cmex/m/n --> OMX/jkp/m/n on input line 598.
LaTeX Font Info:    Overwriting symbol font `largesymbols' in version `sf'
(Font)                  OMX/cmex/m/n --> OMX/jkp/m/n on input line 598.
LaTeX Font Info:    Overwriting symbol font `largesymbols' in version `boldsf'
(Font)                  OMX/cmex/m/n --> OMX/jkp/m/n on input line 598.
LaTeX Font Info:    Overwriting symbol font `largesymbols' in version `bold'
(Font)                  OMX/jkp/m/n --> OMX/jkp/bx/n on input line 599.
LaTeX Font Info:    Overwriting symbol font `largesymbols' in version `rm'
(Font)                  OMX/jkp/m/n --> OMX/jkp/m/n on input line 601.
LaTeX Font Info:    Overwriting symbol font `largesymbols' in version `boldrm'
(Font)                  OMX/jkp/m/n --> OMX/jkp/bx/n on input line 602.
LaTeX Font Info:    Overwriting symbol font `largesymbols' in version `sf'
(Font)                  OMX/jkp/m/n --> OMX/jkpss/m/n on input line 603.
LaTeX Font Info:    Overwriting symbol font `largesymbols' in version `boldsf'
(Font)                  OMX/jkp/m/n --> OMX/jkpss/bx/n on input line 604.
\symlargesymbolsA=\mathgroup8
LaTeX Font Info:    Overwriting symbol font `largesymbolsA' in version `bold'
(Font)                  U/jkpexa/m/n --> U/jkpexa/bx/n on input line 615.
LaTeX Font Info:    Overwriting symbol font `largesymbolsA' in version `rm'
(Font)                  U/jkpexa/m/n --> U/jkpexa/m/n on input line 617.
LaTeX Font Info:    Overwriting symbol font `largesymbolsA' in version `boldrm'

(Font)                  U/jkpexa/m/n --> U/jkpexa/bx/n on input line 618.
LaTeX Font Info:    Overwriting symbol font `largesymbolsA' in version `sf'
(Font)                  U/jkpexa/m/n --> U/jkpexa/m/n on input line 619.
LaTeX Font Info:    Overwriting symbol font `largesymbolsA' in version `boldsf'

(Font)                  U/jkpexa/m/n --> U/jkpexa/bx/n on input line 620.
LaTeX Info: Redefining \not on input line 1580.
)
("C:\Program Files\MiKTeX 2.9\tex\latex\geometry\geometry.sty"
Package: geometry 2010/09/12 v5.6 Page Geometry

("C:\Program Files\MiKTeX 2.9\tex\generic\oberdiek\ifpdf.sty"
Package: ifpdf 2017/03/15 v3.2 Provides the ifpdf switch
)
("C:\Program Files\MiKTeX 2.9\tex\generic\oberdiek\ifvtex.sty"
Package: ifvtex 2016/05/16 v1.6 Detect VTeX and its facilities (HO)
Package ifvtex Info: VTeX not detected.
)
("C:\Program Files\MiKTeX 2.9\tex\generic\ifxetex\ifxetex.sty"
Package: ifxetex 2010/09/12 v0.6 Provides ifxetex conditional
)
\Gm@cnth=\count107
\Gm@cntv=\count108
\c@Gm@tempcnt=\count109
\Gm@bindingoffset=\dimen115
\Gm@wd@mp=\dimen116
\Gm@odd@mp=\dimen117
\Gm@even@mp=\dimen118
\Gm@layoutwidth=\dimen119
\Gm@layoutheight=\dimen120
\Gm@layouthoffset=\dimen121
\Gm@layoutvoffset=\dimen122
\Gm@dimlist=\toks23

("C:\Program Files\MiKTeX 2.9\tex\latex\geometry\geometry.cfg"))
("C:\Program Files\MiKTeX 2.9\tex\latex\hyperref\hyperref.sty"
Package: hyperref 2017/03/14 v6.85a Hypertext links for LaTeX

("C:\Program Files\MiKTeX 2.9\tex\generic\oberdiek\hobsub-hyperref.sty"
Package: hobsub-hyperref 2016/05/16 v1.14 Bundle oberdiek, subset hyperref (HO)


("C:\Program Files\MiKTeX 2.9\tex\generic\oberdiek\hobsub-generic.sty"
Package: hobsub-generic 2016/05/16 v1.14 Bundle oberdiek, subset generic (HO)
Package: hobsub 2016/05/16 v1.14 Construct package bundles (HO)
Package hobsub Info: Skipping package `infwarerr' (already loaded).
Package hobsub Info: Skipping package `ltxcmds' (already loaded).
Package: ifluatex 2016/05/16 v1.4 Provides the ifluatex switch (HO)
Package ifluatex Info: LuaTeX not detected.
Package hobsub Info: Skipping package `ifvtex' (already loaded).
Package: intcalc 2016/05/16 v1.2 Expandable calculations with integers (HO)
Package hobsub Info: Skipping package `ifpdf' (already loaded).
Package: etexcmds 2016/05/16 v1.6 Avoid name clashes with e-TeX commands (HO)
Package etexcmds Info: Could not find \expanded.
(etexcmds)             That can mean that you are not using pdfTeX 1.50 or
(etexcmds)             that some package has redefined \expanded.
(etexcmds)             In the latter case, load this package earlier.
Package: kvsetkeys 2016/05/16 v1.17 Key value parser (HO)
Package: kvdefinekeys 2016/05/16 v1.4 Define keys (HO)
Package: pdftexcmds 2017/03/19 v0.25 Utility functions of pdfTeX for LuaTeX (HO
)
Package pdftexcmds Info: LuaTeX not detected.
Package pdftexcmds Info: \pdf@primitive is available.
Package pdftexcmds Info: \pdf@ifprimitive is available.
Package pdftexcmds Info: \pdfdraftmode found.
Package: pdfescape 2016/05/16 v1.14 Implements pdfTeX's escape features (HO)
Package: bigintcalc 2016/05/16 v1.4 Expandable calculations on big integers (HO
)
Package: bitset 2016/05/16 v1.2 Handle bit-vector datatype (HO)
Package: uniquecounter 2016/05/16 v1.3 Provide unlimited unique counter (HO)
)
Package hobsub Info: Skipping package `hobsub' (already loaded).
Package: letltxmacro 2016/05/16 v1.5 Let assignment for LaTeX macros (HO)
Package: hopatch 2016/05/16 v1.3 Wrapper for package hooks (HO)
Package: xcolor-patch 2016/05/16 xcolor patch
Package: atveryend 2016/05/16 v1.9 Hooks at the very end of document (HO)
Package atveryend Info: \enddocument detected (standard20110627).
Package: atbegshi 2016/06/09 v1.18 At begin shipout hook (HO)
Package: refcount 2016/05/16 v3.5 Data extraction from label references (HO)
Package: hycolor 2016/05/16 v1.8 Color options for hyperref/bookmark (HO)
)
("C:\Program Files\MiKTeX 2.9\tex\latex\oberdiek\auxhook.sty"
Package: auxhook 2016/05/16 v1.4 Hooks for auxiliary files (HO)
)
("C:\Program Files\MiKTeX 2.9\tex\latex\oberdiek\kvoptions.sty"
Package: kvoptions 2016/05/16 v3.12 Key value format for package options (HO)
)
\@linkdim=\dimen123
\Hy@linkcounter=\count110
\Hy@pagecounter=\count111

("C:\Program Files\MiKTeX 2.9\tex\latex\hyperref\pd1enc.def"
File: pd1enc.def 2017/03/14 v6.85a Hyperref: PDFDocEncoding definition (HO)
)
\Hy@SavedSpaceFactor=\count112

("C:\Program Files\MiKTeX 2.9\tex\latex\00miktex\hyperref.cfg"
File: hyperref.cfg 2002/06/06 v1.2 hyperref configuration of TeXLive
)
Package hyperref Info: Hyper figures OFF on input line 4498.
Package hyperref Info: Link nesting OFF on input line 4503.
Package hyperref Info: Hyper index ON on input line 4506.
Package hyperref Info: Plain pages OFF on input line 4513.
Package hyperref Info: Backreferencing OFF on input line 4518.
Package hyperref Info: Implicit mode ON; LaTeX internals redefined.
Package hyperref Info: Bookmarks ON on input line 4751.
\c@Hy@tempcnt=\count113

("C:\Program Files\MiKTeX 2.9\tex\latex\url\url.sty"
\Urlmuskip=\muskip11
Package: url 2013/09/16  ver 3.4  Verb mode for urls, etc.
)
LaTeX Info: Redefining \url on input line 5104.
\XeTeXLinkMargin=\dimen124
\Fld@menulength=\count114
\Field@Width=\dimen125
\Fld@charsize=\dimen126
Package hyperref Info: Hyper figures OFF on input line 6358.
Package hyperref Info: Link nesting OFF on input line 6363.
Package hyperref Info: Hyper index ON on input line 6366.
Package hyperref Info: backreferencing OFF on input line 6373.
Package hyperref Info: Link coloring OFF on input line 6378.
Package hyperref Info: Link coloring with OCG OFF on input line 6383.
Package hyperref Info: PDF/A mode OFF on input line 6388.
LaTeX Info: Redefining \ref on input line 6428.
LaTeX Info: Redefining \pageref on input line 6432.
\Hy@abspage=\count115
\c@Item=\count116
\c@Hfootnote=\count117
)

Package hyperref Message: Driver (autodetected): hpdftex.

("C:\Program Files\MiKTeX 2.9\tex\latex\hyperref\hpdftex.def"
File: hpdftex.def 2017/03/14 v6.85a Hyperref driver for pdfTeX
\Fld@listcount=\count118
\c@bookmark@seq@number=\count119

("C:\Program Files\MiKTeX 2.9\tex\latex\oberdiek\rerunfilecheck.sty"
Package: rerunfilecheck 2016/05/16 v1.8 Rerun checks for auxiliary files (HO)
Package uniquecounter Info: New unique counter `rerunfilecheck' on input line 2
82.
)
\Hy@SectionHShift=\skip46
)
\c@teo=\count120
\c@defi=\count121
\c@prop=\count122
\c@ej=\count123
\c@coro=\count124
\c@nota=\count125
 (TFG.aux
LaTeX Info: Redefining \. on input line 23.
LaTeX Info: Redefining \% on input line 23.
)
\openout1 = `TFG.aux'.

LaTeX Font Info:    Checking defaults for OML/jkp/m/it on input line 25.
LaTeX Font Info:    Try loading font information for OML+jkp on input line 25.
 ("C:\Program Files\MiKTeX 2.9\tex\latex\kpfonts\omljkp.fd"
File: omljkp.fd 2006/08/15 v1.0
)
LaTeX Font Info:    ... okay on input line 25.
LaTeX Font Info:    Checking defaults for T1/cmr/m/n on input line 25.
LaTeX Font Info:    ... okay on input line 25.
LaTeX Font Info:    Checking defaults for OT1/cmr/m/n on input line 25.
LaTeX Font Info:    ... okay on input line 25.
LaTeX Font Info:    Checking defaults for OMS/jkp/m/n on input line 25.
LaTeX Font Info:    Try loading font information for OMS+jkp on input line 25.

("C:\Program Files\MiKTeX 2.9\tex\latex\kpfonts\omsjkp.fd"
File: omsjkp.fd 2006/08/15 v1.0
)
LaTeX Font Info:    ... okay on input line 25.
LaTeX Font Info:    Checking defaults for OMX/jkp/m/n on input line 25.
LaTeX Font Info:    Try loading font information for OMX+jkp on input line 25.

("C:\Program Files\MiKTeX 2.9\tex\latex\kpfonts\omxjkp.fd"
File: omxjkp.fd 2006/08/15 v1.0
)
LaTeX Font Info:    ... okay on input line 25.
LaTeX Font Info:    Checking defaults for U/jkpexa/m/n on input line 25.
LaTeX Font Info:    Try loading font information for U+jkpexa on input line 25.


("C:\Program Files\MiKTeX 2.9\tex\latex\kpfonts\ujkpexa.fd"
File: ujkpexa.fd 2006/08/15 v1.0
)
LaTeX Font Info:    ... okay on input line 25.
LaTeX Font Info:    Checking defaults for TS1/cmr/m/n on input line 25.
LaTeX Font Info:    Try loading font information for TS1+cmr on input line 25.

("C:\Program Files\MiKTeX 2.9\tex\latex\base\ts1cmr.fd"
File: ts1cmr.fd 2014/09/29 v2.5h Standard LaTeX font definitions
)
LaTeX Font Info:    ... okay on input line 25.
LaTeX Font Info:    Checking defaults for PD1/pdf/m/n on input line 25.
LaTeX Font Info:    ... okay on input line 25.
LaTeX Font Info:    Try loading font information for OT1+jkp on input line 25.

("C:\Program Files\MiKTeX 2.9\tex\latex\kpfonts\ot1jkp.fd"
File: ot1jkp.fd 2007/08/30 Fontinst v1.928 font definitions for OT1/jkp.
)
LaTeX Info: Redefining \. on input line 25.
LaTeX Info: Redefining \% on input line 25.

("C:\Program Files\MiKTeX 2.9\tex\context\base\supp-pdf.mkii"
[Loading MPS to PDF converter (version 2006.09.02).]
\scratchcounter=\count126
\scratchdimen=\dimen127
\scratchbox=\box28
\nofMPsegments=\count127
\nofMParguments=\count128
\everyMPshowfont=\toks24
\MPscratchCnt=\count129
\MPscratchDim=\dimen128
\MPnumerator=\count130
\makeMPintoPDFobject=\count131
\everyMPtoPDFconversion=\toks25
) ("C:\Program Files\MiKTeX 2.9\tex\latex\oberdiek\epstopdf-base.sty"
Package: epstopdf-base 2016/05/15 v2.6 Base part for package epstopdf

("C:\Program Files\MiKTeX 2.9\tex\latex\oberdiek\grfext.sty"
Package: grfext 2016/05/16 v1.2 Manage graphics extensions (HO)
)
Package epstopdf-base Info: Redefining graphics rule for `.eps' on input line 4
38.
Package grfext Info: Graphics extension search list:
(grfext)             [.png,.pdf,.jpg,.mps,.jpeg,.jbig2,.jb2,.PNG,.PDF,.JPG,.JPE
G,.JBIG2,.JB2,.eps]
(grfext)             \AppendGraphicsExtensions on input line 456.
)
*geometry* driver: auto-detecting
*geometry* detected driver: pdftex
*geometry* verbose mode - [ preamble ] result:
* driver: pdftex
* paper: a4paper
* layout: <same size as paper>
* layoutoffset:(h,v)=(0.0pt,0.0pt)
* modes: twoside 
* h-part:(L,W,R)=(113.81102pt, 369.88583pt, 113.81102pt)
* v-part:(T,H,B)=(113.81102pt, 617.4248pt, 113.81102pt)
* \paperwidth=597.50787pt
* \paperheight=845.04684pt
* \textwidth=369.88583pt
* \textheight=617.4248pt
* \oddsidemargin=41.54103pt
* \evensidemargin=41.54103pt
* \topmargin=9.66724pt
* \headheight=12.0pt
* \headsep=19.8738pt
* \topskip=11.0pt
* \footskip=27.46295pt
* \marginparwidth=106.0pt
* \marginparsep=7.0pt
* \columnsep=10.0pt
* \skip\footins=10.0pt plus 4.0pt minus 2.0pt
* \hoffset=0.0pt
* \voffset=0.0pt
* \mag=1000
* \@twocolumnfalse
* \@twosidetrue
* \@mparswitchtrue
* \@reversemarginfalse
* (1in=72.27pt=25.4mm, 1cm=28.453pt)

\AtBeginShipoutBox=\box29
Package hyperref Info: Link coloring OFF on input line 25.
("C:\Program Files\MiKTeX 2.9\tex\latex\hyperref\nameref.sty"
Package: nameref 2016/05/21 v2.44 Cross-referencing by name of section

("C:\Program Files\MiKTeX 2.9\tex\generic\oberdiek\gettitlestring.sty"
Package: gettitlestring 2016/05/16 v1.5 Cleanup title references (HO)
)
\c@section@level=\count132
)
LaTeX Info: Redefining \ref on input line 25.
LaTeX Info: Redefining \pageref on input line 25.
LaTeX Info: Redefining \nameref on input line 25.

(TFG.out) (TFG.out)
\@outlinefile=\write3
\openout3 = `TFG.out'.


Cap\'{\i }tulo 1.
Package babel Info: Redefining spanish shorthand <<
(babel)             in language  on input line 26.
Package babel Info: Redefining spanish shorthand >>
(babel)             in language  on input line 26.
Package babel Info: Redefining spanish shorthand "=
(babel)             in language  on input line 26.
Package babel Info: Redefining spanish shorthand "~
(babel)             in language  on input line 26.
Package babel Info: Redefining spanish shorthand "!
(babel)             in language  on input line 26.
Package babel Info: Redefining spanish shorthand "?
(babel)             in language  on input line 26.
Package babel Info: Redefining spanish shorthand <<
(babel)             in language  on input line 27.
Package babel Info: Redefining spanish shorthand >>
(babel)             in language  on input line 27.
Package babel Info: Redefining spanish shorthand "=
(babel)             in language  on input line 27.
Package babel Info: Redefining spanish shorthand "~
(babel)             in language  on input line 27.
Package babel Info: Redefining spanish shorthand "!
(babel)             in language  on input line 27.
Package babel Info: Redefining spanish shorthand "?
(babel)             in language  on input line 27.
LaTeX Font Info:    Try loading font information for U+jkpsya on input line 30.

("C:\Program Files\MiKTeX 2.9\tex\latex\kpfonts\ujkpsya.fd"
File: ujkpsya.fd 2006/08/15 v1.0
)
LaTeX Font Info:    Try loading font information for U+jkpsyb on input line 30.


("C:\Program Files\MiKTeX 2.9\tex\latex\kpfonts\ujkpsyb.fd"
File: ujkpsyb.fd 2006/08/15 v1.0
)
LaTeX Font Info:    Try loading font information for U+jkpmia on input line 30.


("C:\Program Files\MiKTeX 2.9\tex\latex\kpfonts\ujkpmia.fd"
File: ujkpmia.fd 2006/08/15 v1.0
)
LaTeX Font Info:    Try loading font information for U+jkpsyc on input line 30.


("C:\Program Files\MiKTeX 2.9\tex\latex\kpfonts\ujkpsyc.fd"
File: ujkpsyc.fd 2006/08/15 v1.0
)
Package babel Info: Redefining spanish shorthand <<
(babel)             in language  on input line 86.
Package babel Info: Redefining spanish shorthand >>
(babel)             in language  on input line 86.
Package babel Info: Redefining spanish shorthand "=
(babel)             in language  on input line 86.
Package babel Info: Redefining spanish shorthand "~
(babel)             in language  on input line 86.
Package babel Info: Redefining spanish shorthand "!
(babel)             in language  on input line 86.
Package babel Info: Redefining spanish shorthand "?
(babel)             in language  on input line 86.
Package babel Info: Redefining spanish shorthand <<
(babel)             in language  on input line 86.
Package babel Info: Redefining spanish shorthand >>
(babel)             in language  on input line 86.
Package babel Info: Redefining spanish shorthand "=
(babel)             in language  on input line 86.
Package babel Info: Redefining spanish shorthand "~
(babel)             in language  on input line 86.
Package babel Info: Redefining spanish shorthand "!
(babel)             in language  on input line 86.
Package babel Info: Redefining spanish shorthand "?
(babel)             in language  on input line 86.
 [1


{C:/ProgramData/MiKTeX/2.9/pdftex/config/pdftex.map}]
Overfull \hbox (5.74219pt too wide) in paragraph at lines 126--127
[]\OT1/jkp/m/n/10.95 Sea $\OML/jkp/m/it/10.95 []$ \OT1/jkp/m/n/10.95 una me-di
-da ex-te-rior en X. A$\OMS/jkp/m/n/10.95 $\OT1/jkp/m/n/10.95 X di-re-mos que 
es $\OML/jkp/m/it/10.95 []$\OT1/jkp/m/n/10.95 -medible
 []

LaTeX Info: Redefining \. on input line 153.
LaTeX Info: Redefining \% on input line 153.
Package babel Info: Redefining spanish shorthand <<
(babel)             in language  on input line 153.
Package babel Info: Redefining spanish shorthand >>
(babel)             in language  on input line 153.
Package babel Info: Redefining spanish shorthand "=
(babel)             in language  on input line 153.
Package babel Info: Redefining spanish shorthand "~
(babel)             in language  on input line 153.
Package babel Info: Redefining spanish shorthand "!
(babel)             in language  on input line 153.
Package babel Info: Redefining spanish shorthand "?
(babel)             in language  on input line 153.
Package babel Info: Redefining spanish shorthand <<
(babel)             in language  on input line 153.
Package babel Info: Redefining spanish shorthand >>
(babel)             in language  on input line 153.
Package babel Info: Redefining spanish shorthand "=
(babel)             in language  on input line 153.
Package babel Info: Redefining spanish shorthand "~
(babel)             in language  on input line 153.
Package babel Info: Redefining spanish shorthand "!
(babel)             in language  on input line 153.
Package babel Info: Redefining spanish shorthand "?
(babel)             in language  on input line 153.
[2]
Package babel Info: Redefining spanish shorthand <<
(babel)             in language  on input line 170.
Package babel Info: Redefining spanish shorthand >>
(babel)             in language  on input line 170.
Package babel Info: Redefining spanish shorthand "=
(babel)             in language  on input line 170.
Package babel Info: Redefining spanish shorthand "~
(babel)             in language  on input line 170.
Package babel Info: Redefining spanish shorthand "!
(babel)             in language  on input line 170.
Package babel Info: Redefining spanish shorthand "?
(babel)             in language  on input line 170.

Underfull \hbox (badness 10000) in paragraph at lines 183--185

 []


Underfull \hbox (badness 10000) in paragraph at lines 183--185

 []


Underfull \hbox (badness 10000) in paragraph at lines 187--190

 []


Underfull \hbox (badness 10000) in paragraph at lines 187--190

 []


Overfull \hbox (62.41515pt too wide) detected at line 194
\OML/jkp/m/it/10.95 inf\OMS/jkp/m/n/10.95 f[] \OML/jkp/m/it/10.95 diam\OT1/jkp/
m/n/10.95 (\OML/jkp/m/it/10.95 U[]\OT1/jkp/m/n/10.95 )[] : \OML/jkp/m/it/10.95 
A \OMS/jkp/m/n/10.95  [] \OML/jkp/m/it/10.95 U[]; diam\OT1/jkp/m/n/10.95 (\OML
/jkp/m/it/10.95 U[]\OT1/jkp/m/n/10.95 ) \OML/jkp/m/it/10.95 < \OMS/jkp/m/n/10.
95 g  \OML/jkp/m/it/10.95 inf\OMS/jkp/m/n/10.95 f[] \OML/jkp/m/it/10.95 diam\O
T1/jkp/m/n/10.95 (\OML/jkp/m/it/10.95 U[]\OT1/jkp/m/n/10.95 )[] : \OML/jkp/m/it
/10.95 A \OMS/jkp/m/n/10.95  [] \OML/jkp/m/it/10.95 U[]; diam\OT1/jkp/m/n/10.9
5 (\OML/jkp/m/it/10.95 U[]\OT1/jkp/m/n/10.95 ) \OML/jkp/m/it/10.95 < \OMS/jkp/
m/n/10.95 g
 []

LaTeX Info: Redefining \. on input line 200.
LaTeX Info: Redefining \% on input line 200.
Package babel Info: Redefining spanish shorthand <<
(babel)             in language  on input line 200.
Package babel Info: Redefining spanish shorthand >>
(babel)             in language  on input line 200.
Package babel Info: Redefining spanish shorthand "=
(babel)             in language  on input line 200.
Package babel Info: Redefining spanish shorthand "~
(babel)             in language  on input line 200.
Package babel Info: Redefining spanish shorthand "!
(babel)             in language  on input line 200.
Package babel Info: Redefining spanish shorthand "?
(babel)             in language  on input line 200.
Package babel Info: Redefining spanish shorthand <<
(babel)             in language  on input line 200.
Package babel Info: Redefining spanish shorthand >>
(babel)             in language  on input line 200.
Package babel Info: Redefining spanish shorthand "=
(babel)             in language  on input line 200.
Package babel Info: Redefining spanish shorthand "~
(babel)             in language  on input line 200.
Package babel Info: Redefining spanish shorthand "!
(babel)             in language  on input line 200.
Package babel Info: Redefining spanish shorthand "?
(babel)             in language  on input line 200.
[3]
LaTeX Info: Redefining \. on input line 255.
LaTeX Info: Redefining \% on input line 255.
Package babel Info: Redefining spanish shorthand <<
(babel)             in language  on input line 255.
Package babel Info: Redefining spanish shorthand >>
(babel)             in language  on input line 255.
Package babel Info: Redefining spanish shorthand "=
(babel)             in language  on input line 255.
Package babel Info: Redefining spanish shorthand "~
(babel)             in language  on input line 255.
Package babel Info: Redefining spanish shorthand "!
(babel)             in language  on input line 255.
Package babel Info: Redefining spanish shorthand "?
(babel)             in language  on input line 255.
Package babel Info: Redefining spanish shorthand <<
(babel)             in language  on input line 255.
Package babel Info: Redefining spanish shorthand >>
(babel)             in language  on input line 255.
Package babel Info: Redefining spanish shorthand "=
(babel)             in language  on input line 255.
Package babel Info: Redefining spanish shorthand "~
(babel)             in language  on input line 255.
Package babel Info: Redefining spanish shorthand "!
(babel)             in language  on input line 255.
Package babel Info: Redefining spanish shorthand "?
(babel)             in language  on input line 255.
 [4]
Underfull \hbox (badness 10000) in paragraph at lines 258--260

 []


Underfull \hbox (badness 10000) in paragraph at lines 262--263

 []

LaTeX Info: Redefining \. on input line 270.
LaTeX Info: Redefining \% on input line 270.
Package babel Info: Redefining spanish shorthand <<
(babel)             in language  on input line 270.
Package babel Info: Redefining spanish shorthand >>
(babel)             in language  on input line 270.
Package babel Info: Redefining spanish shorthand "=
(babel)             in language  on input line 270.
Package babel Info: Redefining spanish shorthand "~
(babel)             in language  on input line 270.
Package babel Info: Redefining spanish shorthand "!
(babel)             in language  on input line 270.
Package babel Info: Redefining spanish shorthand "?
(babel)             in language  on input line 270.
Package babel Info: Redefining spanish shorthand <<
(babel)             in language  on input line 270.
Package babel Info: Redefining spanish shorthand >>
(babel)             in language  on input line 270.
Package babel Info: Redefining spanish shorthand "=
(babel)             in language  on input line 270.
Package babel Info: Redefining spanish shorthand "~
(babel)             in language  on input line 270.
Package babel Info: Redefining spanish shorthand "!
(babel)             in language  on input line 270.
Package babel Info: Redefining spanish shorthand "?
(babel)             in language  on input line 270.
[5]
Underfull \hbox (badness 10000) in paragraph at lines 273--273

 []


Underfull \hbox (badness 10000) in paragraph at lines 276--278

 []


Underfull \hbox (badness 10000) in paragraph at lines 279--281

 []

LaTeX Info: Redefining \. on input line 298.
LaTeX Info: Redefining \% on input line 298.
Package babel Info: Redefining spanish shorthand <<
(babel)             in language  on input line 298.
Package babel Info: Redefining spanish shorthand >>
(babel)             in language  on input line 298.
Package babel Info: Redefining spanish shorthand "=
(babel)             in language  on input line 298.
Package babel Info: Redefining spanish shorthand "~
(babel)             in language  on input line 298.
Package babel Info: Redefining spanish shorthand "!
(babel)             in language  on input line 298.
Package babel Info: Redefining spanish shorthand "?
(babel)             in language  on input line 298.
Package babel Info: Redefining spanish shorthand <<
(babel)             in language  on input line 298.
Package babel Info: Redefining spanish shorthand >>
(babel)             in language  on input line 298.
Package babel Info: Redefining spanish shorthand "=
(babel)             in language  on input line 298.
Package babel Info: Redefining spanish shorthand "~
(babel)             in language  on input line 298.
Package babel Info: Redefining spanish shorthand "!
(babel)             in language  on input line 298.
Package babel Info: Redefining spanish shorthand "?
(babel)             in language  on input line 298.
[6]
LaTeX Info: Redefining \. on input line 305.
LaTeX Info: Redefining \% on input line 305.
Package babel Info: Redefining spanish shorthand <<
(babel)             in language  on input line 305.
Package babel Info: Redefining spanish shorthand >>
(babel)             in language  on input line 305.
Package babel Info: Redefining spanish shorthand "=
(babel)             in language  on input line 305.
Package babel Info: Redefining spanish shorthand "~
(babel)             in language  on input line 305.
Package babel Info: Redefining spanish shorthand "!
(babel)             in language  on input line 305.
Package babel Info: Redefining spanish shorthand "?
(babel)             in language  on input line 305.
Package babel Info: Redefining spanish shorthand <<
(babel)             in language  on input line 305.
Package babel Info: Redefining spanish shorthand >>
(babel)             in language  on input line 305.
Package babel Info: Redefining spanish shorthand "=
(babel)             in language  on input line 305.
Package babel Info: Redefining spanish shorthand "~
(babel)             in language  on input line 305.
Package babel Info: Redefining spanish shorthand "!
(babel)             in language  on input line 305.
Package babel Info: Redefining spanish shorthand "?
(babel)             in language  on input line 305.
 [7]
LaTeX Info: Redefining \. on input line 305.
LaTeX Info: Redefining \% on input line 305.
Package babel Info: Redefining spanish shorthand <<
(babel)             in language  on input line 305.
Package babel Info: Redefining spanish shorthand >>
(babel)             in language  on input line 305.
Package babel Info: Redefining spanish shorthand "=
(babel)             in language  on input line 305.
Package babel Info: Redefining spanish shorthand "~
(babel)             in language  on input line 305.
Package babel Info: Redefining spanish shorthand "!
(babel)             in language  on input line 305.
Package babel Info: Redefining spanish shorthand "?
(babel)             in language  on input line 305.
Package babel Info: Redefining spanish shorthand <<
(babel)             in language  on input line 305.
Package babel Info: Redefining spanish shorthand >>
(babel)             in language  on input line 305.
Package babel Info: Redefining spanish shorthand "=
(babel)             in language  on input line 305.
Package babel Info: Redefining spanish shorthand "~
(babel)             in language  on input line 305.
Package babel Info: Redefining spanish shorthand "!
(babel)             in language  on input line 305.
Package babel Info: Redefining spanish shorthand "?
(babel)             in language  on input line 305.
 [8

]
Cap\'{\i }tulo 2.
Package babel Info: Redefining spanish shorthand <<
(babel)             in language  on input line 305.
Package babel Info: Redefining spanish shorthand >>
(babel)             in language  on input line 305.
Package babel Info: Redefining spanish shorthand "=
(babel)             in language  on input line 305.
Package babel Info: Redefining spanish shorthand "~
(babel)             in language  on input line 305.
Package babel Info: Redefining spanish shorthand "!
(babel)             in language  on input line 305.
Package babel Info: Redefining spanish shorthand "?
(babel)             in language  on input line 305.

Underfull \hbox (badness 10000) in paragraph at lines 330--333

 []

Package babel Info: Redefining spanish shorthand <<
(babel)             in language  on input line 333.
Package babel Info: Redefining spanish shorthand >>
(babel)             in language  on input line 333.
Package babel Info: Redefining spanish shorthand "=
(babel)             in language  on input line 333.
Package babel Info: Redefining spanish shorthand "~
(babel)             in language  on input line 333.
Package babel Info: Redefining spanish shorthand "!
(babel)             in language  on input line 333.
Package babel Info: Redefining spanish shorthand "?
(babel)             in language  on input line 333.
Package babel Info: Redefining spanish shorthand <<
(babel)             in language  on input line 333.
Package babel Info: Redefining spanish shorthand >>
(babel)             in language  on input line 333.
Package babel Info: Redefining spanish shorthand "=
(babel)             in language  on input line 333.
Package babel Info: Redefining spanish shorthand "~
(babel)             in language  on input line 333.
Package babel Info: Redefining spanish shorthand "!
(babel)             in language  on input line 333.
Package babel Info: Redefining spanish shorthand "?
(babel)             in language  on input line 333.
[9]
Underfull \hbox (badness 10000) in paragraph at lines 333--336

 []

LaTeX Info: Redefining \. on input line 346.
LaTeX Info: Redefining \% on input line 346.
Package babel Info: Redefining spanish shorthand <<
(babel)             in language  on input line 346.
Package babel Info: Redefining spanish shorthand >>
(babel)             in language  on input line 346.
Package babel Info: Redefining spanish shorthand "=
(babel)             in language  on input line 346.
Package babel Info: Redefining spanish shorthand "~
(babel)             in language  on input line 346.
Package babel Info: Redefining spanish shorthand "!
(babel)             in language  on input line 346.
Package babel Info: Redefining spanish shorthand "?
(babel)             in language  on input line 346.
Package babel Info: Redefining spanish shorthand <<
(babel)             in language  on input line 346.
Package babel Info: Redefining spanish shorthand >>
(babel)             in language  on input line 346.
Package babel Info: Redefining spanish shorthand "=
(babel)             in language  on input line 346.
Package babel Info: Redefining spanish shorthand "~
(babel)             in language  on input line 346.
Package babel Info: Redefining spanish shorthand "!
(babel)             in language  on input line 346.
Package babel Info: Redefining spanish shorthand "?
(babel)             in language  on input line 346.
[10]
Cap\'{\i }tulo 3.
Package babel Info: Redefining spanish shorthand <<
(babel)             in language  on input line 346.
Package babel Info: Redefining spanish shorthand >>
(babel)             in language  on input line 346.
Package babel Info: Redefining spanish shorthand "=
(babel)             in language  on input line 346.
Package babel Info: Redefining spanish shorthand "~
(babel)             in language  on input line 346.
Package babel Info: Redefining spanish shorthand "!
(babel)             in language  on input line 346.
Package babel Info: Redefining spanish shorthand "?
(babel)             in language  on input line 346.
Package babel Info: Redefining spanish shorthand <<
(babel)             in language  on input line 350.
Package babel Info: Redefining spanish shorthand >>
(babel)             in language  on input line 350.
Package babel Info: Redefining spanish shorthand "=
(babel)             in language  on input line 350.
Package babel Info: Redefining spanish shorthand "~
(babel)             in language  on input line 350.
Package babel Info: Redefining spanish shorthand "!
(babel)             in language  on input line 350.
Package babel Info: Redefining spanish shorthand "?
(babel)             in language  on input line 350.
<ladrillos.jpg, id=128, 308.65312pt x 109.1578pt>
File: ladrillos.jpg Graphic file (type jpg)
 <use ladrillos.jpg>
Package pdftex.def Info: ladrillos.jpg used on input line 367.
(pdftex.def)             Requested size: 295.90979pt x 104.6587pt.

Underfull \hbox (badness 10000) in paragraph at lines 372--375

 []

Package babel Info: Redefining spanish shorthand <<
(babel)             in language  on input line 375.
Package babel Info: Redefining spanish shorthand >>
(babel)             in language  on input line 375.
Package babel Info: Redefining spanish shorthand "=
(babel)             in language  on input line 375.
Package babel Info: Redefining spanish shorthand "~
(babel)             in language  on input line 375.
Package babel Info: Redefining spanish shorthand "!
(babel)             in language  on input line 375.
Package babel Info: Redefining spanish shorthand "?
(babel)             in language  on input line 375.
Package babel Info: Redefining spanish shorthand <<
(babel)             in language  on input line 375.
Package babel Info: Redefining spanish shorthand >>
(babel)             in language  on input line 375.
Package babel Info: Redefining spanish shorthand "=
(babel)             in language  on input line 375.
Package babel Info: Redefining spanish shorthand "~
(babel)             in language  on input line 375.
Package babel Info: Redefining spanish shorthand "!
(babel)             in language  on input line 375.
Package babel Info: Redefining spanish shorthand "?
(babel)             in language  on input line 375.
[11

 <./ladrillos.jpg>] <disjuntos.png, id=139, 739.76375pt x 539.01375pt>
File: disjuntos.png Graphic file (type png)

<use disjuntos.png>
Package pdftex.def Info: disjuntos.png used on input line 381.
(pdftex.def)             Requested size: 295.90979pt x 215.6099pt.
Package babel Info: Redefining spanish shorthand <<
(babel)             in language  on input line 391.
Package babel Info: Redefining spanish shorthand >>
(babel)             in language  on input line 391.
Package babel Info: Redefining spanish shorthand "=
(babel)             in language  on input line 391.
Package babel Info: Redefining spanish shorthand "~
(babel)             in language  on input line 391.
Package babel Info: Redefining spanish shorthand "!
(babel)             in language  on input line 391.
Package babel Info: Redefining spanish shorthand "?
(babel)             in language  on input line 391.
LaTeX Info: Redefining \. on input line 398.
LaTeX Info: Redefining \% on input line 398.
Package babel Info: Redefining spanish shorthand <<
(babel)             in language  on input line 398.
Package babel Info: Redefining spanish shorthand >>
(babel)             in language  on input line 398.
Package babel Info: Redefining spanish shorthand "=
(babel)             in language  on input line 398.
Package babel Info: Redefining spanish shorthand "~
(babel)             in language  on input line 398.
Package babel Info: Redefining spanish shorthand "!
(babel)             in language  on input line 398.
Package babel Info: Redefining spanish shorthand "?
(babel)             in language  on input line 398.
Package babel Info: Redefining spanish shorthand <<
(babel)             in language  on input line 398.
Package babel Info: Redefining spanish shorthand >>
(babel)             in language  on input line 398.
Package babel Info: Redefining spanish shorthand "=
(babel)             in language  on input line 398.
Package babel Info: Redefining spanish shorthand "~
(babel)             in language  on input line 398.
Package babel Info: Redefining spanish shorthand "!
(babel)             in language  on input line 398.
Package babel Info: Redefining spanish shorthand "?
(babel)             in language  on input line 398.
 [12 <./disjuntos.png>]
Package babel Info: Redefining spanish shorthand <<
(babel)             in language  on input line 423.
Package babel Info: Redefining spanish shorthand >>
(babel)             in language  on input line 423.
Package babel Info: Redefining spanish shorthand "=
(babel)             in language  on input line 423.
Package babel Info: Redefining spanish shorthand "~
(babel)             in language  on input line 423.
Package babel Info: Redefining spanish shorthand "!
(babel)             in language  on input line 423.
Package babel Info: Redefining spanish shorthand "?
(babel)             in language  on input line 423.

Underfull \hbox (badness 10000) in paragraph at lines 431--435

 []


Underfull \hbox (badness 10000) in paragraph at lines 438--440

 []

LaTeX Info: Redefining \. on input line 442.
LaTeX Info: Redefining \% on input line 442.
Package babel Info: Redefining spanish shorthand <<
(babel)             in language  on input line 442.
Package babel Info: Redefining spanish shorthand >>
(babel)             in language  on input line 442.
Package babel Info: Redefining spanish shorthand "=
(babel)             in language  on input line 442.
Package babel Info: Redefining spanish shorthand "~
(babel)             in language  on input line 442.
Package babel Info: Redefining spanish shorthand "!
(babel)             in language  on input line 442.
Package babel Info: Redefining spanish shorthand "?
(babel)             in language  on input line 442.
Package babel Info: Redefining spanish shorthand <<
(babel)             in language  on input line 442.
Package babel Info: Redefining spanish shorthand >>
(babel)             in language  on input line 442.
Package babel Info: Redefining spanish shorthand "=
(babel)             in language  on input line 442.
Package babel Info: Redefining spanish shorthand "~
(babel)             in language  on input line 442.
Package babel Info: Redefining spanish shorthand "!
(babel)             in language  on input line 442.
Package babel Info: Redefining spanish shorthand "?
(babel)             in language  on input line 442.
[13]
Overfull \hbox (21.84282pt too wide) in paragraph at lines 461--461
\OT1/jkp/m/n/10.95 Supongamos que Cov(S)$\OMS/jkp/m/n/10.95 $\OT1/jkp/m/n/10.9
5 n. Sea un cu-bri-mien-to abier-to de S, $\OMS/jkp/m/n/10.95 U \OT1/jkp/m/n/10
.95 = \OMS/jkp/m/n/10.95 f\OML/jkp/m/it/10.95 U[]; :::; U[]\OMS/jkp/m/n/10.95 g
$\OT1/jkp/m/n/10.95 . 
 []

LaTeX Info: Redefining \. on input line 462.
LaTeX Info: Redefining \% on input line 462.
Package babel Info: Redefining spanish shorthand <<
(babel)             in language  on input line 462.
Package babel Info: Redefining spanish shorthand >>
(babel)             in language  on input line 462.
Package babel Info: Redefining spanish shorthand "=
(babel)             in language  on input line 462.
Package babel Info: Redefining spanish shorthand "~
(babel)             in language  on input line 462.
Package babel Info: Redefining spanish shorthand "!
(babel)             in language  on input line 462.
Package babel Info: Redefining spanish shorthand "?
(babel)             in language  on input line 462.
Package babel Info: Redefining spanish shorthand <<
(babel)             in language  on input line 462.
Package babel Info: Redefining spanish shorthand >>
(babel)             in language  on input line 462.
Package babel Info: Redefining spanish shorthand "=
(babel)             in language  on input line 462.
Package babel Info: Redefining spanish shorthand "~
(babel)             in language  on input line 462.
Package babel Info: Redefining spanish shorthand "!
(babel)             in language  on input line 462.
Package babel Info: Redefining spanish shorthand "?
(babel)             in language  on input line 462.
[14]
Overfull \hbox (28.77898pt too wide) in paragraph at lines 462--463
\OT1/jkp/m/n/10.95 Supongamos que se cum-ple (3). Sea el cu-bri-mien-to abier-t
o de S, $\OMS/jkp/m/n/10.95 f\OML/jkp/m/it/10.95 U[]; U[]; ::; U[]\OMS/jkp/m/n/
10.95 g$\OT1/jkp/m/n/10.95 ,
 []


Underfull \hbox (badness 10000) in paragraph at lines 464--465

 []


Underfull \hbox (badness 10000) in paragraph at lines 464--465

 []

LaTeX Info: Redefining \. on input line 475.
LaTeX Info: Redefining \% on input line 475.
Package babel Info: Redefining spanish shorthand <<
(babel)             in language  on input line 475.
Package babel Info: Redefining spanish shorthand >>
(babel)             in language  on input line 475.
Package babel Info: Redefining spanish shorthand "=
(babel)             in language  on input line 475.
Package babel Info: Redefining spanish shorthand "~
(babel)             in language  on input line 475.
Package babel Info: Redefining spanish shorthand "!
(babel)             in language  on input line 475.
Package babel Info: Redefining spanish shorthand "?
(babel)             in language  on input line 475.
Package babel Info: Redefining spanish shorthand <<
(babel)             in language  on input line 475.
Package babel Info: Redefining spanish shorthand >>
(babel)             in language  on input line 475.
Package babel Info: Redefining spanish shorthand "=
(babel)             in language  on input line 475.
Package babel Info: Redefining spanish shorthand "~
(babel)             in language  on input line 475.
Package babel Info: Redefining spanish shorthand "!
(babel)             in language  on input line 475.
Package babel Info: Redefining spanish shorthand "?
(babel)             in language  on input line 475.
[15]
LaTeX Info: Redefining \. on input line 495.
LaTeX Info: Redefining \% on input line 495.
Package babel Info: Redefining spanish shorthand <<
(babel)             in language  on input line 495.
Package babel Info: Redefining spanish shorthand >>
(babel)             in language  on input line 495.
Package babel Info: Redefining spanish shorthand "=
(babel)             in language  on input line 495.
Package babel Info: Redefining spanish shorthand "~
(babel)             in language  on input line 495.
Package babel Info: Redefining spanish shorthand "!
(babel)             in language  on input line 495.
Package babel Info: Redefining spanish shorthand "?
(babel)             in language  on input line 495.
Package babel Info: Redefining spanish shorthand <<
(babel)             in language  on input line 495.
Package babel Info: Redefining spanish shorthand >>
(babel)             in language  on input line 495.
Package babel Info: Redefining spanish shorthand "=
(babel)             in language  on input line 495.
Package babel Info: Redefining spanish shorthand "~
(babel)             in language  on input line 495.
Package babel Info: Redefining spanish shorthand "!
(babel)             in language  on input line 495.
Package babel Info: Redefining spanish shorthand "?
(babel)             in language  on input line 495.
 [16]
Underfull \hbox (badness 10000) in paragraph at lines 507--507

 []

LaTeX Info: Redefining \. on input line 533.
LaTeX Info: Redefining \% on input line 533.
Package babel Info: Redefining spanish shorthand <<
(babel)             in language  on input line 533.
Package babel Info: Redefining spanish shorthand >>
(babel)             in language  on input line 533.
Package babel Info: Redefining spanish shorthand "=
(babel)             in language  on input line 533.
Package babel Info: Redefining spanish shorthand "~
(babel)             in language  on input line 533.
Package babel Info: Redefining spanish shorthand "!
(babel)             in language  on input line 533.
Package babel Info: Redefining spanish shorthand "?
(babel)             in language  on input line 533.
Package babel Info: Redefining spanish shorthand <<
(babel)             in language  on input line 533.
Package babel Info: Redefining spanish shorthand >>
(babel)             in language  on input line 533.
Package babel Info: Redefining spanish shorthand "=
(babel)             in language  on input line 533.
Package babel Info: Redefining spanish shorthand "~
(babel)             in language  on input line 533.
Package babel Info: Redefining spanish shorthand "!
(babel)             in language  on input line 533.
Package babel Info: Redefining spanish shorthand "?
(babel)             in language  on input line 533.
[17]
Package babel Info: Redefining spanish shorthand <<
(babel)             in language  on input line 543.
Package babel Info: Redefining spanish shorthand >>
(babel)             in language  on input line 543.
Package babel Info: Redefining spanish shorthand "=
(babel)             in language  on input line 543.
Package babel Info: Redefining spanish shorthand "~
(babel)             in language  on input line 543.
Package babel Info: Redefining spanish shorthand "!
(babel)             in language  on input line 543.
Package babel Info: Redefining spanish shorthand "?
(babel)             in language  on input line 543.
LaTeX Info: Redefining \. on input line 560.
LaTeX Info: Redefining \% on input line 560.
Package babel Info: Redefining spanish shorthand <<
(babel)             in language  on input line 560.
Package babel Info: Redefining spanish shorthand >>
(babel)             in language  on input line 560.
Package babel Info: Redefining spanish shorthand "=
(babel)             in language  on input line 560.
Package babel Info: Redefining spanish shorthand "~
(babel)             in language  on input line 560.
Package babel Info: Redefining spanish shorthand "!
(babel)             in language  on input line 560.
Package babel Info: Redefining spanish shorthand "?
(babel)             in language  on input line 560.
Package babel Info: Redefining spanish shorthand <<
(babel)             in language  on input line 560.
Package babel Info: Redefining spanish shorthand >>
(babel)             in language  on input line 560.
Package babel Info: Redefining spanish shorthand "=
(babel)             in language  on input line 560.
Package babel Info: Redefining spanish shorthand "~
(babel)             in language  on input line 560.
Package babel Info: Redefining spanish shorthand "!
(babel)             in language  on input line 560.
Package babel Info: Redefining spanish shorthand "?
(babel)             in language  on input line 560.
 [18]
LaTeX Info: Redefining \. on input line 583.
LaTeX Info: Redefining \% on input line 583.
Package babel Info: Redefining spanish shorthand <<
(babel)             in language  on input line 583.
Package babel Info: Redefining spanish shorthand >>
(babel)             in language  on input line 583.
Package babel Info: Redefining spanish shorthand "=
(babel)             in language  on input line 583.
Package babel Info: Redefining spanish shorthand "~
(babel)             in language  on input line 583.
Package babel Info: Redefining spanish shorthand "!
(babel)             in language  on input line 583.
Package babel Info: Redefining spanish shorthand "?
(babel)             in language  on input line 583.
Package babel Info: Redefining spanish shorthand <<
(babel)             in language  on input line 583.
Package babel Info: Redefining spanish shorthand >>
(babel)             in language  on input line 583.
Package babel Info: Redefining spanish shorthand "=
(babel)             in language  on input line 583.
Package babel Info: Redefining spanish shorthand "~
(babel)             in language  on input line 583.
Package babel Info: Redefining spanish shorthand "!
(babel)             in language  on input line 583.
Package babel Info: Redefining spanish shorthand "?
(babel)             in language  on input line 583.
 [19]
Package babel Info: Redefining spanish shorthand <<
(babel)             in language  on input line 599.
Package babel Info: Redefining spanish shorthand >>
(babel)             in language  on input line 599.
Package babel Info: Redefining spanish shorthand "=
(babel)             in language  on input line 599.
Package babel Info: Redefining spanish shorthand "~
(babel)             in language  on input line 599.
Package babel Info: Redefining spanish shorthand "!
(babel)             in language  on input line 599.
Package babel Info: Redefining spanish shorthand "?
(babel)             in language  on input line 599.

Overfull \hbox (1.9952pt too wide) in paragraph at lines 608--609
\OT1/jkp/m/n/10.95 As[] que su-pon-ga-mos que Cov(S)=$\OML/jkp/m/it/10.95 n \O
MS/jkp/m/n/10.95 2 \U/jkpsyb/m/n/10.95 Z$\OT1/jkp/m/n/10.95 . Por lo tan-to de-
be-mos ver que Cov(T)$\OMS/jkp/m/n/10.95 
 []

LaTeX Info: Redefining \. on input line 614.
LaTeX Info: Redefining \% on input line 614.
Package babel Info: Redefining spanish shorthand <<
(babel)             in language  on input line 614.
Package babel Info: Redefining spanish shorthand >>
(babel)             in language  on input line 614.
Package babel Info: Redefining spanish shorthand "=
(babel)             in language  on input line 614.
Package babel Info: Redefining spanish shorthand "~
(babel)             in language  on input line 614.
Package babel Info: Redefining spanish shorthand "!
(babel)             in language  on input line 614.
Package babel Info: Redefining spanish shorthand "?
(babel)             in language  on input line 614.
Package babel Info: Redefining spanish shorthand <<
(babel)             in language  on input line 614.
Package babel Info: Redefining spanish shorthand >>
(babel)             in language  on input line 614.
Package babel Info: Redefining spanish shorthand "=
(babel)             in language  on input line 614.
Package babel Info: Redefining spanish shorthand "~
(babel)             in language  on input line 614.
Package babel Info: Redefining spanish shorthand "!
(babel)             in language  on input line 614.
Package babel Info: Redefining spanish shorthand "?
(babel)             in language  on input line 614.
[20]
LaTeX Info: Redefining \. on input line 622.
LaTeX Info: Redefining \% on input line 622.
Package babel Info: Redefining spanish shorthand <<
(babel)             in language  on input line 622.
Package babel Info: Redefining spanish shorthand >>
(babel)             in language  on input line 622.
Package babel Info: Redefining spanish shorthand "=
(babel)             in language  on input line 622.
Package babel Info: Redefining spanish shorthand "~
(babel)             in language  on input line 622.
Package babel Info: Redefining spanish shorthand "!
(babel)             in language  on input line 622.
Package babel Info: Redefining spanish shorthand "?
(babel)             in language  on input line 622.
Package babel Info: Redefining spanish shorthand <<
(babel)             in language  on input line 622.
Package babel Info: Redefining spanish shorthand >>
(babel)             in language  on input line 622.
Package babel Info: Redefining spanish shorthand "=
(babel)             in language  on input line 622.
Package babel Info: Redefining spanish shorthand "~
(babel)             in language  on input line 622.
Package babel Info: Redefining spanish shorthand "!
(babel)             in language  on input line 622.
Package babel Info: Redefining spanish shorthand "?
(babel)             in language  on input line 622.
 [21]
LaTeX Info: Redefining \. on input line 622.
LaTeX Info: Redefining \% on input line 622.
Package babel Info: Redefining spanish shorthand <<
(babel)             in language  on input line 622.
Package babel Info: Redefining spanish shorthand >>
(babel)             in language  on input line 622.
Package babel Info: Redefining spanish shorthand "=
(babel)             in language  on input line 622.
Package babel Info: Redefining spanish shorthand "~
(babel)             in language  on input line 622.
Package babel Info: Redefining spanish shorthand "!
(babel)             in language  on input line 622.
Package babel Info: Redefining spanish shorthand "?
(babel)             in language  on input line 622.
Package babel Info: Redefining spanish shorthand <<
(babel)             in language  on input line 622.
Package babel Info: Redefining spanish shorthand >>
(babel)             in language  on input line 622.
Package babel Info: Redefining spanish shorthand "=
(babel)             in language  on input line 622.
Package babel Info: Redefining spanish shorthand "~
(babel)             in language  on input line 622.
Package babel Info: Redefining spanish shorthand "!
(babel)             in language  on input line 622.
Package babel Info: Redefining spanish shorthand "?
(babel)             in language  on input line 622.
 [22

]
LaTeX Font Info:    Try loading font information for OT1+jkptt on input line 62
3.
 ("C:\Program Files\MiKTeX 2.9\tex\latex\kpfonts\ot1jkptt.fd"
File: ot1jkptt.fd 2007/01/26 Fontinst v1.928 font definitions for OT1/jkptt.
)
Package atveryend Info: Empty hook `BeforeClearDocument' on input line 643.
Package babel Info: Redefining spanish shorthand <<
(babel)             in language  on input line 643.
Package babel Info: Redefining spanish shorthand >>
(babel)             in language  on input line 643.
Package babel Info: Redefining spanish shorthand "=
(babel)             in language  on input line 643.
Package babel Info: Redefining spanish shorthand "~
(babel)             in language  on input line 643.
Package babel Info: Redefining spanish shorthand "!
(babel)             in language  on input line 643.
Package babel Info: Redefining spanish shorthand "?
(babel)             in language  on input line 643.
Package babel Info: Redefining spanish shorthand <<
(babel)             in language  on input line 643.
Package babel Info: Redefining spanish shorthand >>
(babel)             in language  on input line 643.
Package babel Info: Redefining spanish shorthand "=
(babel)             in language  on input line 643.
Package babel Info: Redefining spanish shorthand "~
(babel)             in language  on input line 643.
Package babel Info: Redefining spanish shorthand "!
(babel)             in language  on input line 643.
Package babel Info: Redefining spanish shorthand "?
(babel)             in language  on input line 643.

[23]
Package atveryend Info: Empty hook `AfterLastShipout' on input line 643.
 (TFG.aux
LaTeX Info: Redefining \. on input line 23.
LaTeX Info: Redefining \% on input line 23.
)
Package atveryend Info: Executing hook `AtVeryEndDocument' on input line 643.
Package atveryend Info: Executing hook `AtEndAfterFileList' on input line 643.
Package rerunfilecheck Info: File `TFG.out' has not changed.
(rerunfilecheck)             Checksum: 89A322F0721F458AF7C72EBDC125CFD0;706.
Package atveryend Info: Empty hook `AtVeryVeryEnd' on input line 643.
 ) 
Here is how much of TeX's memory you used:
 8714 strings out of 493323
 121535 string characters out of 3139064
 216650 words of memory out of 3000000
 11990 multiletter control sequences out of 15000+200000
 36179 words of font info for 79 fonts, out of 3000000 for 9000
 1141 hyphenation exceptions out of 8191
 28i,6n,32p,1667b,491s stack positions out of 5000i,500n,10000p,200000b,50000s
{C:/Program Files/MiKTeX 2.9/fonts/enc/dvips/base/8r.enc}{C:/Program Files/Mi
KTeX 2.9/fonts/enc/dvips/kpfonts/kpfonts-expert.enc}<C:/Program Files/MiKTeX 2.
9/fonts/type1/public/kpfonts/jkpbn8a.pfb><C:/Program Files/MiKTeX 2.9/fonts/typ
e1/public/kpfonts/jkpbne.pfb><C:/Program Files/MiKTeX 2.9/fonts/type1/public/kp
fonts/jkpex.pfb><C:/Program Files/MiKTeX 2.9/fonts/type1/public/kpfonts/jkpmi.p
fb><C:/Program Files/MiKTeX 2.9/fonts/type1/public/kpfonts/jkpmia.pfb><C:/Progr
am Files/MiKTeX 2.9/fonts/type1/public/kpfonts/jkpmit8a.pfb><C:/Program Files/M
iKTeX 2.9/fonts/type1/public/kpfonts/jkpmite.pfb><C:/Program Files/MiKTeX 2.9/f
onts/type1/public/kpfonts/jkpmn8a.pfb><C:/Program Files/MiKTeX 2.9/fonts/type1/
public/kpfonts/jkpmn8a.pfb><C:/Program Files/MiKTeX 2.9/fonts/type1/public/kpfo
nts/jkpmne.pfb><C:/Program Files/MiKTeX 2.9/fonts/type1/public/kpfonts/jkpmsc8a
.pfb><C:/Program Files/MiKTeX 2.9/fonts/type1/public/kpfonts/jkpsy.pfb><C:/Prog
ram Files/MiKTeX 2.9/fonts/type1/public/kpfonts/jkpsya.pfb><C:/Program Files/Mi
KTeX 2.9/fonts/type1/public/kpfonts/jkpsyb.pfb><C:/Program Files/MiKTeX 2.9/fon
ts/type1/public/kpfonts/jkpsyc.pfb><C:/Program Files/MiKTeX 2.9/fonts/type1/pub
lic/kpfonts/jkpttmn8a.pfb>
Output written on TFG.pdf (23 pages, 248065 bytes).
PDF statistics:
 329 PDF objects out of 1000 (max. 8388607)
 112 named destinations out of 1000 (max. 500000)
 91 words of extra memory for PDF output out of 10000 (max. 10000000)

